<?xml version="1.0" encoding="UTF-8"?>
<testsuite name="CrossbodyBagTest" tests="3" skipped="0" failures="0" errors="0" timestamp="2022-09-30T00:09:41" hostname="uisumi-ROG-Zephyrus-M16-GU603HM-GU603HM" time="0.011">
  <properties/>
  <testcase name="TestToString" classname="CrossbodyBagTest" time="0.011"/>
  <testcase name="TestEnhance" classname="CrossbodyBagTest" time="0.0"/>
  <testcase name="TestGetNumberOfStraps" classname="CrossbodyBagTest" time="0.0"/>
  <system-out><![CDATA[]]></system-out>
  <system-err><![CDATA[]]></system-err>
</testsuite>
