<?xml version="1.0" encoding="UTF-8"?>
<testsuite name="BagMainTest" tests="3" skipped="0" failures="0" errors="0" timestamp="2022-09-29T23:57:59" hostname="uisumi-ROG-Zephyrus-M16-GU603HM-GU603HM" time="0.003">
  <properties/>
  <testcase name="TestEnhanceBagsTrue" classname="BagMainTest" time="0.002"/>
  <testcase name="TestCountCrossbodyStraps" classname="BagMainTest" time="0.0"/>
  <testcase name="TestEnhanceBagsFalse" classname="BagMainTest" time="0.0"/>
  <system-out><![CDATA[]]></system-out>
  <system-err><![CDATA[]]></system-err>
</testsuite>
